<?xml version="1.0" encoding="UTF-8"?>
<testsuite name="driver.TestRunner" time="7.061" tests="42" errors="0" skipped="0" failures="0">
  <properties>
    <property name="java.runtime.name" value="Java(TM) SE Runtime Environment"/>
    <property name="sun.boot.library.path" value="C:\Program Files\Java\jdk1.8.0_161\jre\bin"/>
    <property name="java.vm.version" value="25.161-b12"/>
    <property name="java.vm.vendor" value="Oracle Corporation"/>
    <property name="maven.multiModuleProjectDirectory" value="C:\XenetaAutomationDemo\BasicAutomationFramwork-master"/>
    <property name="java.vendor.url" value="http://java.oracle.com/"/>
    <property name="path.separator" value=";"/>
    <property name="guice.disable.misplaced.annotation.check" value="true"/>
    <property name="java.vm.name" value="Java HotSpot(TM) 64-Bit Server VM"/>
    <property name="file.encoding.pkg" value="sun.io"/>
    <property name="user.script" value=""/>
    <property name="user.country" value="US"/>
    <property name="sun.java.launcher" value="SUN_STANDARD"/>
    <property name="sun.os.patch.level" value=""/>
    <property name="java.vm.specification.name" value="Java Virtual Machine Specification"/>
    <property name="user.dir" value="C:\XenetaAutomationDemo\BasicAutomationFramwork-master"/>
    <property name="java.runtime.version" value="1.8.0_161-b12"/>
    <property name="java.awt.graphicsenv" value="sun.awt.Win32GraphicsEnvironment"/>
    <property name="java.endorsed.dirs" value="C:\Program Files\Java\jdk1.8.0_161\jre\lib\endorsed"/>
    <property name="os.arch" value="amd64"/>
    <property name="java.io.tmpdir" value="C:\Users\sumit\AppData\Local\Temp\"/>
    <property name="line.separator" value="&#10;"/>
    <property name="java.vm.specification.vendor" value="Oracle Corporation"/>
    <property name="user.variant" value=""/>
    <property name="os.name" value="Windows 10"/>
    <property name="classworlds.conf" value="C:\apache-maven-3.5.3\bin\..\bin\m2.conf"/>
    <property name="sun.jnu.encoding" value="Cp1252"/>
    <property name="java.library.path" value="C:\Program Files\Java\jdk1.8.0_161\bin;C:\WINDOWS\Sun\Java\bin;C:\WINDOWS\system32;C:\WINDOWS;C:\ProgramData\Oracle\Java\javapath;C:\WINDOWS\system32;C:\WINDOWS;C:\WINDOWS\System32\Wbem;C:\WINDOWS\System32\WindowsPowerShell\v1.0\;C:\Program Files\Java\jdk1.8.0_161\bin;C:\Users\sumit\AppData\Local\Android\Sdk\tools\bin;C:\Users\sumit\AppData\Local\Android\Sdk\tools;C:\Users\sumit\AppData\Local\Android\Sdk\platform-tools;C:\Program Files\nodejs\;C:\Program Files\nodejs\node_modules\npm\bin;C:\apache-maven-3.5.3\bin;C:\Program Files\Git\cmd;C:\Users\sumit\AppData\Local\Microsoft\WindowsApps;C:\Users\sumit\AppData\Roaming\npm;."/>
    <property name="maven.conf" value="C:\apache-maven-3.5.3\bin\../conf"/>
    <property name="java.specification.name" value="Java Platform API Specification"/>
    <property name="java.class.version" value="52.0"/>
    <property name="sun.management.compiler" value="HotSpot 64-Bit Tiered Compilers"/>
    <property name="os.version" value="10.0"/>
    <property name="library.jansi.path" value="C:\apache-maven-3.5.3\bin\..\lib\jansi-native"/>
    <property name="user.home" value="C:\Users\sumit"/>
    <property name="user.timezone" value="Europe/Berlin"/>
    <property name="java.awt.printerjob" value="sun.awt.windows.WPrinterJob"/>
    <property name="java.specification.version" value="1.8"/>
    <property name="file.encoding" value="Cp1252"/>
    <property name="user.name" value="sumit"/>
    <property name="java.class.path" value="C:\apache-maven-3.5.3\bin\..\boot\plexus-classworlds-2.5.2.jar"/>
    <property name="java.vm.specification.version" value="1.8"/>
    <property name="sun.arch.data.model" value="64"/>
    <property name="java.home" value="C:\Program Files\Java\jdk1.8.0_161\jre"/>
    <property name="sun.java.command" value="org.codehaus.plexus.classworlds.launcher.Launcher test verify"/>
    <property name="java.specification.vendor" value="Oracle Corporation"/>
    <property name="user.language" value="en"/>
    <property name="awt.toolkit" value="sun.awt.windows.WToolkit"/>
    <property name="java.vm.info" value="mixed mode"/>
    <property name="java.version" value="1.8.0_161"/>
    <property name="java.ext.dirs" value="C:\Program Files\Java\jdk1.8.0_161\jre\lib\ext;C:\WINDOWS\Sun\Java\lib\ext"/>
    <property name="sun.boot.class.path" value="C:\Program Files\Java\jdk1.8.0_161\jre\lib\resources.jar;C:\Program Files\Java\jdk1.8.0_161\jre\lib\rt.jar;C:\Program Files\Java\jdk1.8.0_161\jre\lib\sunrsasign.jar;C:\Program Files\Java\jdk1.8.0_161\jre\lib\jsse.jar;C:\Program Files\Java\jdk1.8.0_161\jre\lib\jce.jar;C:\Program Files\Java\jdk1.8.0_161\jre\lib\charsets.jar;C:\Program Files\Java\jdk1.8.0_161\jre\lib\jfr.jar;C:\Program Files\Java\jdk1.8.0_161\jre\classes"/>
    <property name="sun.stderr.encoding" value="cp437"/>
    <property name="java.vendor" value="Oracle Corporation"/>
    <property name="maven.home" value="C:\apache-maven-3.5.3\bin\.."/>
    <property name="file.separator" value="\"/>
    <property name="java.vendor.url.bug" value="http://bugreport.sun.com/bugreport/"/>
    <property name="sun.cpu.endian" value="little"/>
    <property name="sun.io.unicode.encoding" value="UnicodeLittle"/>
    <property name="sun.stdout.encoding" value="cp437"/>
    <property name="sun.desktop" value="windows"/>
    <property name="sun.cpu.isalist" value="amd64"/>
  </properties>
  <testcase name="Given user navigates to media Resource page in English" classname="Scenario: TC001-Localization: User able to change Language." time="0.013"/>
  <testcase name="When User clicks Deutsch language link" classname="Scenario: TC001-Localization: User able to change Language." time="0"/>
  <testcase name="Then language should change to Deutsch" classname="Scenario: TC001-Localization: User able to change Language." time="0"/>
  <testcase name="Scenario: TC001-Localization: User able to change Language." classname="Scenario: TC001-Localization: User able to change Language." time="0.88"/>
  <testcase name="Given user navigates to media Resource page in English" classname="Scenario: TC002-Verify body of Media Resource Page" time="0.001"/>
  <testcase name="Then Product Screenshots link should work" classname="Scenario: TC002-Verify body of Media Resource Page" time="0"/>
  <testcase name="And Xeneta Logo link should work" classname="Scenario: TC002-Verify body of Media Resource Page" time="0"/>
  <testcase name="And Spokpersons link should work" classname="Scenario: TC002-Verify body of Media Resource Page" time="0"/>
  <testcase name="And Image of Founders link should work" classname="Scenario: TC002-Verify body of Media Resource Page" time="0"/>
  <testcase name="Scenario: TC002-Verify body of Media Resource Page" classname="Scenario: TC002-Verify body of Media Resource Page" time="0.872"/>
  <testcase name="Given user navigates to media Resource page in English" classname="| sum.panpatte88@tcs.com |" time="0.001"/>
  <testcase name="When User enters &quot;sum.panpatte88@tcs.com&quot; to Sign up for news letter" classname="| sum.panpatte88@tcs.com |" time="0"/>
  <testcase name="And User clicks submit button" classname="| sum.panpatte88@tcs.com |" time="0.001"/>
  <testcase name="Then successful signing up message should be displayed" classname="| sum.panpatte88@tcs.com |" time="0"/>
  <testcase name="| sum.panpatte88@tcs.com |" classname="| sum.panpatte88@tcs.com |" time="0.837"/>
  <testcase name="Given user navigates to media Resource page in English" classname="| sum.panpatte88@gmail.com |" time="0"/>
  <testcase name="When User enters &quot;sum.panpatte88@gmail.com&quot; to Sign up for news letter" classname="| sum.panpatte88@gmail.com |" time="0"/>
  <testcase name="And User clicks submit button" classname="| sum.panpatte88@gmail.com |" time="0"/>
  <testcase name="Then Error message to enter business email should be displayed" classname="| sum.panpatte88@gmail.com |" time="0"/>
  <testcase name="| sum.panpatte88@gmail.com |" classname="| sum.panpatte88@gmail.com |" time="0.862"/>
  <testcase name="Given user navigates to media Resource page in English" classname="| xtyzccgdgjh |" time="0"/>
  <testcase name="When User enters &quot;xtyzccgdgjh&quot; to Sign up for news letter" classname="| xtyzccgdgjh |" time="0"/>
  <testcase name="And User clicks submit button" classname="| xtyzccgdgjh |" time="0"/>
  <testcase name="Then Error message to enter proper formatted email should be displayed" classname="| xtyzccgdgjh |" time="0"/>
  <testcase name="| xtyzccgdgjh |" classname="| xtyzccgdgjh |" time="0.824"/>
  <testcase name="Given user navigates to request demo page" classname="|  |  | xyz | IT | abc.dgt1@dmt.com | 9987 | Shipper/BCO | Less than 500 | C-Level FRANK |" time="0"/>
  <testcase name="When user eneters &quot;&quot; &quot;&quot; &quot;xyz&quot; &quot;IT&quot; &quot;abc.dgt1@dmt.com&quot; &quot;9987&quot;" classname="|  |  | xyz | IT | abc.dgt1@dmt.com | 9987 | Shipper/BCO | Less than 500 | C-Level FRANK |" time="0"/>
  <testcase name="And user selects from drop down &quot;Shipper/BCO&quot; &quot;Less than 500&quot; &quot;C-Level FRANK&quot;" classname="|  |  | xyz | IT | abc.dgt1@dmt.com | 9987 | Shipper/BCO | Less than 500 | C-Level FRANK |" time="0"/>
  <testcase name="And user clicks on Subscribe xeneta toggle button" classname="|  |  | xyz | IT | abc.dgt1@dmt.com | 9987 | Shipper/BCO | Less than 500 | C-Level FRANK |" time="0"/>
  <testcase name="And User clicks on submit" classname="|  |  | xyz | IT | abc.dgt1@dmt.com | 9987 | Shipper/BCO | Less than 500 | C-Level FRANK |" time="0"/>
  <testcase name="Then Please complete all required fields message should be displayed" classname="|  |  | xyz | IT | abc.dgt1@dmt.com | 9987 | Shipper/BCO | Less than 500 | C-Level FRANK |" time="0"/>
  <testcase name="|  |  | xyz | IT | abc.dgt1@dmt.com | 9987 | Shipper/BCO | Less than 500 | C-Level FRANK |" classname="|  |  | xyz | IT | abc.dgt1@dmt.com | 9987 | Shipper/BCO | Less than 500 | C-Level FRANK |" time="0.952"/>
  <testcase name="Given user navigates to request demo page" classname="| abc |" time="0"/>
  <testcase name="When user eneters &quot;abc&quot;" classname="| abc |" time="0"/>
  <testcase name="And User clicks on submit" classname="| abc |" time="0"/>
  <testcase name="Then Email must be formatted correctly message should be displayed" classname="| abc |" time="0"/>
  <testcase name="And Please complete all required fields message should be displayed" classname="| abc |" time="0"/>
  <testcase name="| abc |" classname="| abc |" time="0.897"/>
  <testcase name="Given user navigates to request demo page" classname="Scenario: TC005-Verify links to navigate to other webpages of Xeneta are present in footer" time="0"/>
  <testcase name="Then Data Method, Customers, Our Company, Careers" classname="Scenario: TC005-Verify links to navigate to other webpages of Xeneta are present in footer" time="0"/>
  <testcase name="And Press, Terms of Service links are present in footer" classname="Scenario: TC005-Verify links to navigate to other webpages of Xeneta are present in footer" time="0"/>
  <testcase name="Scenario: TC005-Verify links to navigate to other webpages of Xeneta are present in footer" classname="Scenario: TC005-Verify links to navigate to other webpages of Xeneta are present in footer" time="0.921"/>
</testsuite>